Using pre-set license
Built from '2020.3/staging' branch; Version is '2020.3.8f1 (507919d4fff5) revision 5273881'; Using compiler version '192528614'; Build Type 'Release'
OS: 'Windows 10 Home Single Language; OS build 19041.804; Version 2004; 64bit' Language: 'pt' Physical Memory: 16281 MB
BatchMode: 1, IsHumanControllingUs: 0, StartBugReporterOnCrash: 0, Is64bit: 1, IsPro: 0

 COMMAND LINE ARGUMENTS:
D:\Documentos\DEV\UNITY\Projects\2020.3.8f1\Editor\Unity.exe
-adb2
-batchMode
-noUpm
-name
AssetImportWorker0
-projectPath
D:/Documentos/DEV/UNITY/Projects/Git Projects/Sliding Puzzle Job Test
-logFile
Logs/AssetImportWorker0.log
-srvPort
64389
Successfully changed project path to: D:/Documentos/DEV/UNITY/Projects/Git Projects/Sliding Puzzle Job Test
D:/Documentos/DEV/UNITY/Projects/Git Projects/Sliding Puzzle Job Test
Using Asset Import Pipeline V2.
Refreshing native plugins compatible for Editor in 150.94 ms, found 1 plugins.
Preloading 0 native plugins for Editor in 0.00 ms.
Initialize engine version: 2020.3.8f1 (507919d4fff5)
[Subsystems] Discovering subsystems at path D:/Documentos/DEV/UNITY/Projects/2020.3.8f1/Editor/Data/Resources/UnitySubsystems
[Subsystems] Discovering subsystems at path D:/Documentos/DEV/UNITY/Projects/Git Projects/Sliding Puzzle Job Test/Assets
GfxDevice: creating device client; threaded=0
Direct3D:
    Version:  Direct3D 11.0 [level 11.1]
    Renderer: NVIDIA GeForce MX150 (ID=0x1d10)
    Vendor:   
    VRAM:     4027 MB
    Driver:   30.0.14.7141
Initialize mono
Mono path[0] = 'D:/Documentos/DEV/UNITY/Projects/2020.3.8f1/Editor/Data/Managed'
Mono path[1] = 'D:/Documentos/DEV/UNITY/Projects/2020.3.8f1/Editor/Data/MonoBleedingEdge/lib/mono/unityjit'
Mono config path = 'D:/Documentos/DEV/UNITY/Projects/2020.3.8f1/Editor/Data/MonoBleedingEdge/etc'
Using monoOptions --debugger-agent=transport=dt_socket,embedding=1,server=y,suspend=n,address=127.0.0.1:56836
Begin MonoManager ReloadAssembly
Registering precompiled unity dll's ...
Register platform support module: D:/Documentos/DEV/UNITY/Projects/2020.3.8f1/Editor/Data/PlaybackEngines/WindowsStandaloneSupport/UnityEditor.WindowsStandalone.Extensions.dll
Registered in 0.004626 seconds.
Native extension for WindowsStandalone target not found
Refreshing native plugins compatible for Editor in 98.67 ms, found 1 plugins.
Preloading 0 native plugins for Editor in 0.00 ms.
Mono: successfully reloaded assembly
- Completed reload, in  4.138 seconds
Platform modules already initialized, skipping
Registering precompiled user dll's ...
Registered in 0.001690 seconds.
Begin MonoManager ReloadAssembly
Native extension for WindowsStandalone target not found
Refreshing native plugins compatible for Editor in 138.95 ms, found 1 plugins.
Preloading 0 native plugins for Editor in 0.00 ms.
Mono: successfully reloaded assembly
- Completed reload, in  3.251 seconds
Platform modules already initialized, skipping
========================================================================
Worker process is ready to serve import requests
Launched and connected shader compiler UnityShaderCompiler.exe after 0.26 seconds
Refreshing native plugins compatible for Editor in 0.68 ms, found 1 plugins.
Preloading 0 native plugins for Editor in 0.00 ms.
Unloading 1808 Unused Serialized files (Serialized files now loaded: 0)
System memory in use before: 84.8 MB.
System memory in use after: 84.8 MB.

Unloading 24 unused Assets to reduce memory usage. Loaded Objects now: 2250.
Total: 3.924800 ms (FindLiveObjects: 0.320400 ms CreateObjectMapping: 0.114000 ms MarkObjects: 3.223400 ms  DeleteObjects: 0.264700 ms)

========================================================================
Received Import Request.
  path: Assets/Scenes
  artifactKey: Guid(01717365bd7bf304bad1692c6a5db52c) Importer(815301076,1909f56bfc062723c751e8b465ee728b)
Start importing Assets/Scenes using Guid(01717365bd7bf304bad1692c6a5db52c) Importer(815301076,1909f56bfc062723c751e8b465ee728b)  -> (artifact id: 'e372ed4b528c2e9e7daaaaab9a9ebf7c') in 0.063138 seconds
  Import took 0.106966 seconds .

