Using pre-set license
Built from '2020.3/staging' branch; Version is '2020.3.8f1 (507919d4fff5) revision 5273881'; Using compiler version '192528614'; Build Type 'Release'
OS: 'Windows 10 Home Single Language; OS build 22621.819; Version 2009; 64bit' Language: 'pt' Physical Memory: 15720 MB
BatchMode: 1, IsHumanControllingUs: 0, StartBugReporterOnCrash: 0, Is64bit: 1, IsPro: 0

 COMMAND LINE ARGUMENTS:
C:\Program Files\Unity\Hub\Editor\2020.3.8f1\Editor\Unity.exe
-adb2
-batchMode
-noUpm
-name
AssetImportWorker0
-projectPath
C:/Users/Junio/DEV/Unity/Projects/Junior Baltazar Projects/Sliding-Puzzle-Job-Test
-logFile
Logs/AssetImportWorker0.log
-srvPort
62428
Successfully changed project path to: C:/Users/Junio/DEV/Unity/Projects/Junior Baltazar Projects/Sliding-Puzzle-Job-Test
C:/Users/Junio/DEV/Unity/Projects/Junior Baltazar Projects/Sliding-Puzzle-Job-Test
Using Asset Import Pipeline V2.
Refreshing native plugins compatible for Editor in 31.32 ms, found 1 plugins.
Preloading 0 native plugins for Editor in 0.00 ms.
Initialize engine version: 2020.3.8f1 (507919d4fff5)
[Subsystems] Discovering subsystems at path C:/Program Files/Unity/Hub/Editor/2020.3.8f1/Editor/Data/Resources/UnitySubsystems
[Subsystems] Discovering subsystems at path C:/Users/Junio/DEV/Unity/Projects/Junior Baltazar Projects/Sliding-Puzzle-Job-Test/Assets
GfxDevice: creating device client; threaded=0
Direct3D:
    Version:  Direct3D 11.0 [level 11.1]
    Renderer: NVIDIA GeForce RTX 3050 Laptop GPU (ID=0x25a2)
    Vendor:   
    VRAM:     3991 MB
    Driver:   30.0.15.1272
Initialize mono
Mono path[0] = 'C:/Program Files/Unity/Hub/Editor/2020.3.8f1/Editor/Data/Managed'
Mono path[1] = 'C:/Program Files/Unity/Hub/Editor/2020.3.8f1/Editor/Data/MonoBleedingEdge/lib/mono/unityjit'
Mono config path = 'C:/Program Files/Unity/Hub/Editor/2020.3.8f1/Editor/Data/MonoBleedingEdge/etc'
Using monoOptions --debugger-agent=transport=dt_socket,embedding=1,server=y,suspend=n,address=127.0.0.1:56872
Begin MonoManager ReloadAssembly
Registering precompiled unity dll's ...
Register platform support module: C:/Program Files/Unity/Hub/Editor/2020.3.8f1/Editor/Data/PlaybackEngines/WindowsStandaloneSupport/UnityEditor.WindowsStandalone.Extensions.dll
Registered in 0.001217 seconds.
Native extension for WindowsStandalone target not found
Refreshing native plugins compatible for Editor in 31.84 ms, found 1 plugins.
Preloading 0 native plugins for Editor in 0.00 ms.
Mono: successfully reloaded assembly
- Completed reload, in  2.105 seconds
Platform modules already initialized, skipping
Registering precompiled user dll's ...
Registered in 0.000831 seconds.
Begin MonoManager ReloadAssembly
Native extension for WindowsStandalone target not found
Refreshing native plugins compatible for Editor in 30.59 ms, found 1 plugins.
Preloading 0 native plugins for Editor in 0.00 ms.
Mono: successfully reloaded assembly
- Completed reload, in  0.747 seconds
Platform modules already initialized, skipping
========================================================================
Worker process is ready to serve import requests
Launched and connected shader compiler UnityShaderCompiler.exe after 0.05 seconds
Refreshing native plugins compatible for Editor in 0.54 ms, found 1 plugins.
Preloading 0 native plugins for Editor in 0.00 ms.
Unloading 1840 Unused Serialized files (Serialized files now loaded: 0)
System memory in use before: 87.8 MB.
System memory in use after: 87.9 MB.

Unloading 19 unused Assets to reduce memory usage. Loaded Objects now: 2289.
Total: 2.049800 ms (FindLiveObjects: 0.216700 ms CreateObjectMapping: 0.059700 ms MarkObjects: 1.706500 ms  DeleteObjects: 0.065500 ms)

========================================================================
Received Import Request.
  path: Assets/ScriptableObjects/Game Core/Puzzle Data.asset
  artifactKey: Guid(6d16efc93b202db44b0065c6cd8dbc60) Importer(815301076,1909f56bfc062723c751e8b465ee728b)
Start importing Assets/ScriptableObjects/Game Core/Puzzle Data.asset using Guid(6d16efc93b202db44b0065c6cd8dbc60) Importer(815301076,1909f56bfc062723c751e8b465ee728b)  -> (artifact id: '9770276db3f10799f906238c1699243c') in 0.076507 seconds
  Import took 0.079517 seconds .

========================================================================
Received Prepare
Registering precompiled user dll's ...
Registered in 0.000913 seconds.
Begin MonoManager ReloadAssembly
Native extension for WindowsStandalone target not found
Refreshing native plugins compatible for Editor in 0.37 ms, found 1 plugins.
Preloading 0 native plugins for Editor in 0.00 ms.
Mono: successfully reloaded assembly
- Completed reload, in  0.752 seconds
Platform modules already initialized, skipping
Refreshing native plugins compatible for Editor in 0.41 ms, found 1 plugins.
Preloading 0 native plugins for Editor in 0.00 ms.
Unloading 1819 Unused Serialized files (Serialized files now loaded: 0)
System memory in use before: 86.2 MB.
System memory in use after: 86.4 MB.

Unloading 7 unused Assets to reduce memory usage. Loaded Objects now: 2294.
Total: 2.090300 ms (FindLiveObjects: 0.189000 ms CreateObjectMapping: 0.072900 ms MarkObjects: 1.799200 ms  DeleteObjects: 0.028100 ms)

========================================================================
Received Import Request.
  Time since last request: 30.593197 seconds.
  path: Assets/ScriptableObjects/Game Core/Game Status Data.asset
  artifactKey: Guid(18063f73542d19543b110a061c357915) Importer(815301076,1909f56bfc062723c751e8b465ee728b)
Start importing Assets/ScriptableObjects/Game Core/Game Status Data.asset using Guid(18063f73542d19543b110a061c357915) Importer(815301076,1909f56bfc062723c751e8b465ee728b)  -> (artifact id: '0f9432fcd09ea2a3b54798a6cdb2ec11') in 0.010500 seconds
  Import took 0.013268 seconds .

========================================================================
Received Prepare
Registering precompiled user dll's ...
Registered in 0.001252 seconds.
Begin MonoManager ReloadAssembly
Native extension for WindowsStandalone target not found
Refreshing native plugins compatible for Editor in 0.44 ms, found 1 plugins.
Preloading 0 native plugins for Editor in 0.00 ms.
Mono: successfully reloaded assembly
- Completed reload, in  0.790 seconds
Platform modules already initialized, skipping
Refreshing native plugins compatible for Editor in 0.59 ms, found 1 plugins.
Preloading 0 native plugins for Editor in 0.00 ms.
Unloading 1819 Unused Serialized files (Serialized files now loaded: 0)
System memory in use before: 86.3 MB.
System memory in use after: 86.4 MB.

Unloading 7 unused Assets to reduce memory usage. Loaded Objects now: 2298.
Total: 2.392900 ms (FindLiveObjects: 0.314400 ms CreateObjectMapping: 0.099500 ms MarkObjects: 1.963300 ms  DeleteObjects: 0.014800 ms)

========================================================================
Received Prepare
Registering precompiled user dll's ...
Registered in 0.001196 seconds.
Begin MonoManager ReloadAssembly
Native extension for WindowsStandalone target not found
Refreshing native plugins compatible for Editor in 0.58 ms, found 1 plugins.
Preloading 0 native plugins for Editor in 0.00 ms.
Mono: successfully reloaded assembly
- Completed reload, in  0.777 seconds
Platform modules already initialized, skipping
Refreshing native plugins compatible for Editor in 0.46 ms, found 1 plugins.
Preloading 0 native plugins for Editor in 0.00 ms.
Unloading 1819 Unused Serialized files (Serialized files now loaded: 0)
System memory in use before: 86.3 MB.
System memory in use after: 86.4 MB.

Unloading 7 unused Assets to reduce memory usage. Loaded Objects now: 2302.
Total: 2.265300 ms (FindLiveObjects: 0.368800 ms CreateObjectMapping: 0.090600 ms MarkObjects: 1.777900 ms  DeleteObjects: 0.027100 ms)

========================================================================
Received Import Request.
  Time since last request: 201.067354 seconds.
  path: Assets/Scenes/Game.unity
  artifactKey: Guid(9fc0d4010bbf28b4594072e72b8655ab) Importer(815301076,1909f56bfc062723c751e8b465ee728b)
Start importing Assets/Scenes/Game.unity using Guid(9fc0d4010bbf28b4594072e72b8655ab) Importer(815301076,1909f56bfc062723c751e8b465ee728b)  -> (artifact id: '1d74eb84b1975ccab542647be90b3709') in 0.012419 seconds
  Import took 0.015130 seconds .

========================================================================
Received Import Request.
  Time since last request: 5.319190 seconds.
  path: Assets/ScriptableObjects/Game Core/Puzzle Data.asset
  artifactKey: Guid(6d16efc93b202db44b0065c6cd8dbc60) Importer(815301076,1909f56bfc062723c751e8b465ee728b)
Start importing Assets/ScriptableObjects/Game Core/Puzzle Data.asset using Guid(6d16efc93b202db44b0065c6cd8dbc60) Importer(815301076,1909f56bfc062723c751e8b465ee728b)  -> (artifact id: '56911aef0f3b7621121fec579db8d0b9') in 0.045757 seconds
  Import took 0.048594 seconds .

========================================================================
Received Prepare
Registering precompiled user dll's ...
Registered in 0.000736 seconds.
Begin MonoManager ReloadAssembly
Native extension for WindowsStandalone target not found
Refreshing native plugins compatible for Editor in 0.40 ms, found 1 plugins.
Preloading 0 native plugins for Editor in 0.00 ms.
Mono: successfully reloaded assembly
- Completed reload, in  0.698 seconds
Platform modules already initialized, skipping
Refreshing native plugins compatible for Editor in 0.89 ms, found 1 plugins.
Preloading 0 native plugins for Editor in 0.00 ms.
Unloading 1819 Unused Serialized files (Serialized files now loaded: 0)
System memory in use before: 86.3 MB.
System memory in use after: 86.4 MB.

Unloading 7 unused Assets to reduce memory usage. Loaded Objects now: 2306.
Total: 3.752900 ms (FindLiveObjects: 0.479400 ms CreateObjectMapping: 0.172900 ms MarkObjects: 3.067700 ms  DeleteObjects: 0.031600 ms)

========================================================================
Received Import Request.
  Time since last request: 26.330951 seconds.
  path: Assets/Saved Game/Puzzle Status Game.json
  artifactKey: Guid(ad56aa6dce0e37f4980548dcb69c2dce) Importer(815301076,1909f56bfc062723c751e8b465ee728b)
Start importing Assets/Saved Game/Puzzle Status Game.json using Guid(ad56aa6dce0e37f4980548dcb69c2dce) Importer(815301076,1909f56bfc062723c751e8b465ee728b)  -> (artifact id: 'a0532ae533e8b0b7e07b8db6f1148ada') in 0.018561 seconds
  Import took 0.021215 seconds .

AssetImportWorkerClient::OnTransportError - code=2 error=End of file
